<?xml version="1.0" encoding="UTF-8"?>
<!-- Generated by org.testng.reporters.JUnitReportReporter -->
<testsuite hostname="claritus" name="mypack.ScreenshootGoogle" tests="1" failures="0" timestamp="16 Aug 2016 11:00:03 GMT" time="14.924" errors="0">
  <testcase name="TestJavaS1" time="14.924" classname="mypack.ScreenshootGoogle"/>
</testsuite> <!-- mypack.ScreenshootGoogle -->
