<?xml version="1.0" encoding="UTF-8"?>
<!-- Generated by org.testng.reporters.JUnitReportReporter -->
<testsuite hostname="claritus" name="Pac2.LoginPage" tests="2" failures="0" timestamp="12 Aug 2016 06:21:45 GMT" time="10.221" errors="0">
  <testcase name="invalidLoginTest" time="9.945" classname="Pac2.LoginPage"/>
  <testcase name="loginTest" time="0.276" classname="Pac2.LoginPage"/>
</testsuite> <!-- Pac2.LoginPage -->
