<?xml version="1.0" encoding="UTF-8"?>
<!-- Generated by org.testng.reporters.JUnitReportReporter -->
<testsuite hostname="claritus" name="Pac2.PageScroll" tests="1" failures="0" timestamp="24 Aug 2016 06:27:35 GMT" time="17.928" errors="0">
  <testcase name="ScrollPageDown" time="17.928" classname="Pac2.PageScroll"/>
</testsuite> <!-- Pac2.PageScroll -->
